<?xml version="1.0" encoding="UTF-8"?>
<testng-results ignored="0" total="1" passed="1" failed="0" skipped="0">
  <reporter-output>
  </reporter-output>
  <suite started-at="2023-06-30T01:08:22 IST" name="Default suite" finished-at="2023-06-30T01:08:55 IST" duration-ms="33024">
    <groups>
    </groups>
    <test started-at="2023-06-30T01:08:22 IST" name="Default test" finished-at="2023-06-30T01:08:55 IST" duration-ms="33024">
      <class name="testautoproject.Testlulumall">
        <test-method is-config="true" signature="setUp()[pri:0, instance:testautoproject.Testlulumall@942a29c]" started-at="2023-06-30T01:08:22 IST" name="setUp" finished-at="2023-06-30T01:08:29 IST" duration-ms="6227" status="PASS">
          <reporter-output>
          </reporter-output>
        </test-method> <!-- setUp -->
        <test-method signature="luluTest()[pri:0, instance:testautoproject.Testlulumall@942a29c]" started-at="2023-06-30T01:08:29 IST" name="luluTest" finished-at="2023-06-30T01:08:55 IST" duration-ms="26621" status="PASS">
          <reporter-output>
          </reporter-output>
        </test-method> <!-- luluTest -->
      </class> <!-- testautoproject.Testlulumall -->
    </test> <!-- Default test -->
  </suite> <!-- Default suite -->
</testng-results>
